15-Jul-2022 14:45:19.439 WARNUNG [main] org.apache.tomcat.util.digester.SetPropertiesRule.begin Match [Server/Service/Connector] failed to set property [emptySessionPath] to [cargo.tomcat.connector.emptySessionPath]
15-Jul-2022 14:45:19.456 INFORMATION [main] org.apache.catalina.core.AprLifecycleListener.lifecycleEvent The Apache Tomcat Native library which allows using OpenSSL was not found on the java.library.path: [/Users/christian.malak/Library/Java/Extensions:/Library/Java/Extensions:/Network/Library/Java/Extensions:/System/Library/Java/Extensions:/usr/lib/java:.]
15-Jul-2022 14:45:19.607 INFORMATION [main] org.apache.coyote.AbstractProtocol.init Initialisiere ProtocolHandler["http-nio-8080"]
15-Jul-2022 14:45:19.621 INFORMATION [main] org.apache.catalina.startup.Catalina.load Server initialization in [239] milliseconds
15-Jul-2022 14:45:19.635 INFORMATION [main] org.apache.catalina.core.StandardService.startInternal Starting service [Catalina]
15-Jul-2022 14:45:19.635 INFORMATION [main] org.apache.catalina.core.StandardEngine.startInternal Starting Servlet engine: [Apache Tomcat/9.0.54]
15-Jul-2022 14:45:19.639 INFORMATION [main] org.apache.catalina.startup.HostConfig.deployDescriptor Deploying deployment descriptor [/Users/christian.malak/webdev_priv/hippo_bloomreach_website/target/tomcat9x/conf/Catalina/localhost/site.xml]
15-Jul-2022 14:45:21.345 INFORMATION [main] org.apache.catalina.startup.HostConfig.deployDescriptor Deployment of deployment descriptor [/Users/christian.malak/webdev_priv/hippo_bloomreach_website/target/tomcat9x/conf/Catalina/localhost/site.xml] has finished in [1.705] ms
15-Jul-2022 14:45:21.346 INFORMATION [main] org.apache.catalina.startup.HostConfig.deployWAR Deploying web application archive [/Users/christian.malak/webdev_priv/hippo_bloomreach_website/target/tomcat9x/webapps/cargocpc.war]
15-Jul-2022 14:45:21.384 INFORMATION [main] org.apache.catalina.startup.HostConfig.deployWAR Deployment of web application archive [/Users/christian.malak/webdev_priv/hippo_bloomreach_website/target/tomcat9x/webapps/cargocpc.war] has finished in [38] ms
15-Jul-2022 14:45:21.384 INFORMATION [main] org.apache.catalina.startup.HostConfig.deployDirectory Deploye Web-Applikations-Verzeichnis [/Users/christian.malak/webdev_priv/hippo_bloomreach_website/target/tomcat9x/webapps/manager]
15-Jul-2022 14:45:21.434 INFORMATION [main] org.apache.catalina.startup.HostConfig.deployDirectory Deployment of web application directory [/Users/christian.malak/webdev_priv/hippo_bloomreach_website/target/tomcat9x/webapps/manager] has finished in [50] ms
15-Jul-2022 14:45:21.434 INFORMATION [main] org.apache.catalina.startup.HostConfig.deployDirectory Deploye Web-Applikations-Verzeichnis [/Users/christian.malak/webdev_priv/hippo_bloomreach_website/target/tomcat9x/webapps/cms]
15-Jul-2022 14:45:38.449 INFORMATION [main] org.apache.catalina.startup.HostConfig.deployDirectory Deployment of web application directory [/Users/christian.malak/webdev_priv/hippo_bloomreach_website/target/tomcat9x/webapps/cms] has finished in [17.015] ms
15-Jul-2022 14:45:38.449 INFORMATION [main] org.apache.catalina.startup.HostConfig.deployDirectory Deploye Web-Applikations-Verzeichnis [/Users/christian.malak/webdev_priv/hippo_bloomreach_website/target/tomcat9x/webapps/host-manager]
15-Jul-2022 14:45:38.470 INFORMATION [main] org.apache.catalina.startup.HostConfig.deployDirectory Deployment of web application directory [/Users/christian.malak/webdev_priv/hippo_bloomreach_website/target/tomcat9x/webapps/host-manager] has finished in [21] ms
15-Jul-2022 14:45:38.470 INFORMATION [main] org.apache.catalina.startup.HostConfig.deployDirectory Deploye Web-Applikations-Verzeichnis [/Users/christian.malak/webdev_priv/hippo_bloomreach_website/target/tomcat9x/webapps/essentials]
15-Jul-2022 14:45:40.806 INFORMATION [main] org.apache.catalina.startup.HostConfig.deployDirectory Deployment of web application directory [/Users/christian.malak/webdev_priv/hippo_bloomreach_website/target/tomcat9x/webapps/essentials] has finished in [2.336] ms
15-Jul-2022 14:45:40.814 INFORMATION [main] org.apache.coyote.AbstractProtocol.start Starting ProtocolHandler ["http-nio-8080"]
15-Jul-2022 14:45:40.824 INFORMATION [main] org.apache.catalina.startup.Catalina.start Server startup in [21202] milliseconds
